d:\users\mj9617\git\meith\debug\vc120.pdb
d:\users\mj9617\git\meith\debug\vc120.idb
d:\users\mj9617\git\meith\debug\windowcontext.sbr
d:\users\mj9617\git\meith\debug\transform.sbr
d:\users\mj9617\git\meith\debug\shader.sbr
d:\users\mj9617\git\meith\debug\rigidbody.sbr
d:\users\mj9617\git\meith\debug\model.sbr
d:\users\mj9617\git\meith\debug\mesh.sbr
d:\users\mj9617\git\meith\debug\main.sbr
d:\users\mj9617\git\meith\debug\light.sbr
d:\users\mj9617\git\meith\debug\inputhandler.sbr
d:\users\mj9617\git\meith\debug\gameobject.sbr
d:\users\mj9617\git\meith\debug\game.sbr
d:\users\mj9617\git\meith\debug\camera.sbr
d:\users\mj9617\git\meith\debug\camera.obj
d:\users\mj9617\git\meith\debug\game.obj
d:\users\mj9617\git\meith\debug\gameobject.obj
d:\users\mj9617\git\meith\debug\inputhandler.obj
d:\users\mj9617\git\meith\debug\light.obj
d:\users\mj9617\git\meith\debug\main.obj
d:\users\mj9617\git\meith\debug\mesh.obj
d:\users\mj9617\git\meith\debug\model.obj
d:\users\mj9617\git\meith\debug\rigidbody.obj
d:\users\mj9617\git\meith\debug\shader.obj
d:\users\mj9617\git\meith\debug\transform.obj
d:\users\mj9617\git\meith\debug\windowcontext.obj
d:\users\mj9617\git\debug\meith.pdb
d:\users\mj9617\git\meith\debug\meith.tlog\cl.command.1.tlog
d:\users\mj9617\git\meith\debug\meith.tlog\cl.read.1.tlog
d:\users\mj9617\git\meith\debug\meith.tlog\cl.write.1.tlog
d:\users\mj9617\git\meith\debug\meith.tlog\link-cvtres.read.1.tlog
d:\users\mj9617\git\meith\debug\meith.tlog\link-cvtres.write.1.tlog
d:\users\mj9617\git\meith\debug\meith.tlog\link-rc.read.1.tlog
d:\users\mj9617\git\meith\debug\meith.tlog\link-rc.write.1.tlog
d:\users\mj9617\git\meith\debug\meith.tlog\link.command.1.tlog
d:\users\mj9617\git\meith\debug\meith.tlog\link.read.1.tlog
d:\users\mj9617\git\meith\debug\meith.tlog\link.write.1.tlog
